#
# A fatal error has been detected by the Java Runtime Environment:
#
#  EXCEPTION_ACCESS_VIOLATION (0xc0000005) at pc=0x0000000065124759, pid=8052, tid=4364
#
# JRE version: Java(TM) SE Runtime Environment (7.0_79-b15) (build 1.7.0_79-b15)
# Java VM: Java HotSpot(TM) 64-Bit Server VM (24.79-b02 mixed mode windows-amd64 compressed oops)
# Problematic frame:
# V  [jvm.dll+0x54759]
#
# Failed to write core dump. Minidumps are not enabled by default on client versions of Windows
#
# If you would like to submit a bug report, please visit:
#   http://bugreport.java.com/bugreport/crash.jsp
#

---------------  T H R E A D  ---------------

Current thread (0x00000000104b6000):  JavaThread "JDWP Transport Listener: dt_socket" daemon [_thread_in_vm, id=4364, stack(0x0000000011a10000,0x0000000011b10000)]

siginfo: ExceptionCode=0xc0000005, reading address 0x000000000000000c

Registers:
RAX=0x000000000000000c, RBX=0x00000000104b6000, RCX=0x0000000000000003, RDX=0x0000000000000000
RSP=0x0000000011b0f530, RBP=0x000000000000000c, RSI=0x0000000000000000, RDI=0x0000000000000010
R8 =0x00000007ab292500, R9 =0x0000000000000000, R10=0x0000000000000000, R11=0x0000000000000001
R12=0x0000000000000000, R13=0x00000000104ae5f8, R14=0x0000000000000000, R15=0x0000000000000000
RIP=0x0000000065124759, EFLAGS=0x0000000000010246

Top of Stack: (sp=0x0000000011b0f530)
0x0000000011b0f530:   00000000104b6000 0000000000000000
0x0000000011b0f540:   0000000000000000 00000000104b6000
0x0000000011b0f550:   0000000000000000 00000000651ed9c7
0x0000000011b0f560:   00000007ab292500 0000000011b0f680
0x0000000011b0f570:   00000000104b8fe0 0000000011b0f650
0x0000000011b0f580:   00000000104b6000 0000000000000000
0x0000000011b0f590:   00000000104b8fe0 0000000011b0f680
0x0000000011b0f5a0:   0000000000000000 00000000104ae5f8
0x0000000011b0f5b0:   0000000000000000 0000000066bd7d15
0x0000000011b0f5c0:   0000000011b0f650 0000000011b0f680
0x0000000011b0f5d0:   00000000104b8fe0 00000000104b61e8
0x0000000011b0f5e0:   00000000104ff30a 0000000066bdf090
0x0000000011b0f5f0:   0000000010010a01 0000000011b0f6f0
0x0000000011b0f600:   00000000104ae201 00000000104ae201
0x0000000011b0f610:   0000055f00000013 0000000010010a00
0x0000000011b0f620:   00000000104c0450 00000000652a13ad 

Instructions: (pc=0x0000000065124759)
0x0000000065124739:   d2 48 8b c5 eb 18 48 8b d0 48 8b c5 48 d3 e2 48
0x0000000065124749:   03 15 61 31 6a 00 eb 06 48 8b 12 48 8b c7 48 98
0x0000000065124759:   8b 14 10 85 d2 74 2a 45 84 db 4c 63 c6 48 0f 45
0x0000000065124769:   fd 8d 47 0b 48 63 c8 48 83 e1 f8 48 c1 e9 03 8d 


Register to memory mapping:

RAX=0x000000000000000c is an unknown value
RBX=0x00000000104b6000 is a thread
RCX=0x0000000000000003 is an unknown value
RDX=0x0000000000000000 is an unknown value
RSP=0x0000000011b0f530 is pointing into the stack for thread: 0x00000000104b6000
RBP=0x000000000000000c is an unknown value
RSI=0x0000000000000000 is an unknown value
RDI=0x0000000000000010 is an unknown value
R8 =0x00000007ab292500 is an oop
java.lang.String 
 - klass: 'java/lang/String'
R9 =0x0000000000000000 is an unknown value
R10=0x0000000000000000 is an unknown value
R11=0x0000000000000001 is an unknown value
R12=0x0000000000000000 is an unknown value
R13=0x00000000104ae5f8 is an unknown value
R14=0x0000000000000000 is an unknown value
R15=0x0000000000000000 is an unknown value


Stack: [0x0000000011a10000,0x0000000011b10000],  sp=0x0000000011b0f530,  free space=1021k
Native frames: (J=compiled Java code, j=interpreted, Vv=VM code, C=native code)
V  [jvm.dll+0x54759]


---------------  P R O C E S S  ---------------

Java Threads: ( => current thread )
  0x00000000104de800 JavaThread "Service Thread" daemon [_thread_blocked, id=8164, stack(0x0000000011f10000,0x0000000012010000)]
  0x00000000104de000 JavaThread "C2 CompilerThread1" daemon [_thread_blocked, id=2684, stack(0x0000000011e10000,0x0000000011f10000)]
  0x00000000104dc800 JavaThread "C2 CompilerThread0" daemon [_thread_blocked, id=4940, stack(0x0000000011d10000,0x0000000011e10000)]
  0x00000000104c6000 JavaThread "JDWP Command Reader" daemon [_thread_in_native, id=4976, stack(0x0000000011c10000,0x0000000011d10000)]
  0x00000000104c3000 JavaThread "JDWP Event Helper Thread" daemon [_thread_blocked, id=4828, stack(0x0000000011b10000,0x0000000011c10000)]
=>0x00000000104b6000 JavaThread "JDWP Transport Listener: dt_socket" daemon [_thread_in_vm, id=4364, stack(0x0000000011a10000,0x0000000011b10000)]
  0x00000000104b0000 JavaThread "Attach Listener" daemon [_thread_blocked, id=7224, stack(0x0000000011910000,0x0000000011a10000)]
  0x00000000104ad000 JavaThread "Signal Dispatcher" daemon [_thread_blocked, id=7452, stack(0x0000000011810000,0x0000000011910000)]
  0x0000000010461800 JavaThread "Finalizer" daemon [_thread_blocked, id=6472, stack(0x0000000011710000,0x0000000011810000)]
  0x0000000010458000 JavaThread "Reference Handler" daemon [_thread_blocked, id=6036, stack(0x0000000011610000,0x0000000011710000)]
  0x00000000019be000 JavaThread "main" [_thread_blocked, id=7276, stack(0x0000000003100000,0x0000000003200000)]

Other Threads:
  0x0000000010452000 VMThread [stack: 0x0000000011510000,0x0000000011610000] [id=8148]
  0x00000000104fc800 WatcherThread [stack: 0x0000000012010000,0x0000000012110000] [id=9924]

VM state:not at safepoint (normal execution)

VM Mutex/Monitor currently owned by a thread: None

Heap
 PSYoungGen      total 76288K, used 3932K [0x00000007ab200000, 0x00000007b0700000, 0x0000000800000000)
  eden space 65536K, 6% used [0x00000007ab200000,0x00000007ab5d71b0,0x00000007af200000)
  from space 10752K, 0% used [0x00000007afc80000,0x00000007afc80000,0x00000007b0700000)
  to   space 10752K, 0% used [0x00000007af200000,0x00000007af200000,0x00000007afc80000)
 ParOldGen       total 173568K, used 0K [0x0000000701600000, 0x000000070bf80000, 0x00000007ab200000)
  object space 173568K, 0% used [0x0000000701600000,0x0000000701600000,0x000000070bf80000)
 PSPermGen       total 21504K, used 2339K [0x00000006fc400000, 0x00000006fd900000, 0x0000000701600000)
  object space 21504K, 10% used [0x00000006fc400000,0x00000006fc648e78,0x00000006fd900000)

Card table byte_map: [0x00000000067a0000,0x0000000006fc0000] byte_map_base: 0x0000000002fbe000

Polling page: 0x00000000018f0000

Code Cache  [0x00000000036e0000, 0x0000000003950000, 0x00000000066e0000)
 total_blobs=156 nmethods=0 adapters=132 free_code_cache=48777Kb largest_free_block=49947648

Compilation events (0 events):
No events

GC Heap History (0 events):
No events

Deoptimization events (0 events):
No events

Internal exceptions (1 events):
Event: 0.030 Thread 0x00000000019be000 Threw 0x00000007ab20f650 at C:\re\jdk7u79\2331\hotspot\src\share\vm\prims\jni.cpp:3991

Events (10 events):
Event: 27.311 Executing VM operation: GetCurrentLocation
Event: 27.311 Executing VM operation: GetCurrentLocation done
Event: 27.311 Executing VM operation: ChangeSingleStep
Event: 27.311 Executing VM operation: ChangeSingleStep done
Event: 27.311 Executing VM operation: ChangeSingleStep
Event: 27.311 Executing VM operation: ChangeSingleStep done
Event: 27.325 Executing VM operation: GetOrSetLocal
Event: 27.325 Executing VM operation: GetOrSetLocal done
Event: 27.605 Executing VM operation: GetOrSetLocal
Event: 27.605 Executing VM operation: GetOrSetLocal done


Dynamic libraries:
0x00007ff7172d0000 - 0x00007ff717303000 	C:\Program Files\Java\jdk1.7.0_79\bin\javaw.exe
0x00007ff8a6930000 - 0x00007ff8a6af1000 	C:\WINDOWS\SYSTEM32\ntdll.dll
0x00007ff8a5670000 - 0x00007ff8a571d000 	C:\WINDOWS\system32\KERNEL32.DLL
0x00007ff8a3ab0000 - 0x00007ff8a3c98000 	C:\WINDOWS\system32\KERNELBASE.dll
0x00007ff8a6340000 - 0x00007ff8a63e7000 	C:\WINDOWS\system32\ADVAPI32.dll
0x00007ff8a5740000 - 0x00007ff8a57dd000 	C:\WINDOWS\system32\msvcrt.dll
0x00007ff8a68d0000 - 0x00007ff8a692b000 	C:\WINDOWS\system32\sechost.dll
0x00007ff8a6110000 - 0x00007ff8a622c000 	C:\WINDOWS\system32\RPCRT4.dll
0x00007ff8a6700000 - 0x00007ff8a6856000 	C:\WINDOWS\system32\USER32.dll
0x00007ff8a63f0000 - 0x00007ff8a6576000 	C:\WINDOWS\system32\GDI32.dll
0x00007ff8961d0000 - 0x00007ff896444000 	C:\WINDOWS\WinSxS\amd64_microsoft.windows.common-controls_6595b64144ccf1df_6.0.10586.494_none_a2d8b04ea53e3145\COMCTL32.dll
0x00007ff8a5e90000 - 0x00007ff8a610d000 	C:\WINDOWS\system32\combase.dll
0x00007ff8a3ca0000 - 0x00007ff8a3d0a000 	C:\WINDOWS\system32\bcryptPrimitives.dll
0x00007ff8a5e50000 - 0x00007ff8a5e8b000 	C:\WINDOWS\system32\IMM32.DLL
0x0000000066c50000 - 0x0000000066d22000 	C:\Program Files\Java\jdk1.7.0_79\jre\bin\msvcr100.dll
0x00000000650d0000 - 0x00000000658a5000 	C:\Program Files\Java\jdk1.7.0_79\jre\bin\server\jvm.dll
0x00007ff8a6630000 - 0x00007ff8a6638000 	C:\WINDOWS\system32\PSAPI.DLL
0x00007ff896750000 - 0x00007ff896759000 	C:\WINDOWS\SYSTEM32\WSOCK32.dll
0x00007ff8a14f0000 - 0x00007ff8a1513000 	C:\WINDOWS\SYSTEM32\WINMM.dll
0x00007ff8a3d10000 - 0x00007ff8a3d7b000 	C:\WINDOWS\system32\WS2_32.dll
0x00000000018a0000 - 0x00000000018cc000 	C:\WINDOWS\SYSTEM32\WINMMBASE.dll
0x00007ff8a39b0000 - 0x00007ff8a39f3000 	C:\WINDOWS\system32\cfgmgr32.dll
0x0000000066c40000 - 0x0000000066c4f000 	C:\Program Files\Java\jdk1.7.0_79\jre\bin\verify.dll
0x0000000066c10000 - 0x0000000066c38000 	C:\Program Files\Java\jdk1.7.0_79\jre\bin\java.dll
0x0000000066bd0000 - 0x0000000066c05000 	C:\Program Files\Java\jdk1.7.0_79\jre\bin\jdwp.dll
0x0000000066bc0000 - 0x0000000066bc8000 	C:\Program Files\Java\jdk1.7.0_79\jre\bin\npt.dll
0x0000000066ba0000 - 0x0000000066bb5000 	C:\Program Files\Java\jdk1.7.0_79\jre\bin\zip.dll
0x0000000066b90000 - 0x0000000066b99000 	C:\Program Files\Java\jdk1.7.0_79\jre\bin\dt_socket.dll
0x00007ff8a0bf0000 - 0x00007ff8a0c08000 	C:\WINDOWS\system32\NLAapi.dll
0x00007ff894b90000 - 0x00007ff894ba6000 	C:\WINDOWS\system32\napinsp.dll
0x00007ff894bb0000 - 0x00007ff894bca000 	C:\WINDOWS\system32\pnrpnsp.dll
0x00007ff8a2860000 - 0x00007ff8a28bc000 	C:\WINDOWS\System32\mswsock.dll
0x00007ff8a19a0000 - 0x00007ff8a1a4a000 	C:\WINDOWS\SYSTEM32\DNSAPI.dll
0x00007ff8a5660000 - 0x00007ff8a5668000 	C:\WINDOWS\system32\NSI.dll
0x00007ff894bd0000 - 0x00007ff894bdd000 	C:\WINDOWS\System32\winrnr.dll
0x00007ff894be0000 - 0x00007ff894bf5000 	C:\WINDOWS\System32\wshbth.dll
0x00007ff89cad0000 - 0x00007ff89cb37000 	C:\WINDOWS\System32\fwpuclnt.dll
0x00007ff8a2b30000 - 0x00007ff8a2b59000 	C:\WINDOWS\SYSTEM32\bcrypt.dll
0x00007ff8955f0000 - 0x00007ff8955fa000 	C:\Windows\System32\rasadhlp.dll
0x00007ff87c8f0000 - 0x00007ff87ca7c000 	C:\WINDOWS\SYSTEM32\dbghelp.dll

VM Arguments:
jvm_args: -agentlib:jdwp=transport=dt_socket,suspend=y,address=localhost:16312 -Dfile.encoding=UTF-8 
java_command: com.weimob.ailf.jdktest.TestTheadLocal
Launcher Type: SUN_STANDARD

Environment Variables:
JAVA_HOME=C:\Program Files\Java\jdk1.7.0_79
PATH=C:\Program Files\Java\jdk1.7.0_79\jre\bin;D:\softwares\apache-maven-3.3.3\bin;C:\Program Files (x86)\Common Files\NetSarang;C:\WINDOWS\system32;C:\WINDOWS;C:\WINDOWS\System32\Wbem;C:\WINDOWS\System32\WindowsPowerShell\v1.0\;C:\Program Files (x86)\ATI Technologies\ATI.ACE\Core-Static;D:\softwares\Python27\;C:\Program Files\Java\jdk1.7.0_79\bin;C:\Program Files (x86)\Windows Kits\8.1\Windows Performance Toolkit\;C:\Program Files\Microsoft SQL Server\110\Tools\Binn\;D:\softwares\SSH Communications Security\SSH Secure Shell
USERNAME=lenovo
OS=Windows_NT
PROCESSOR_IDENTIFIER=Intel64 Family 6 Model 61 Stepping 4, GenuineIntel



---------------  S Y S T E M  ---------------

OS: Windows 8.1 , 64 bit Build 9600 

CPU:total 4 (2 cores per cpu, 2 threads per core) family 6 model 61 stepping 4, cmov, cx8, fxsr, mmx, sse, sse2, sse3, ssse3, sse4.1, sse4.2, popcnt, avx, avx2, aes, erms, ht, tsc, tscinvbit

Memory: 4k page, physical 16680876k(10897000k free), swap 33458092k(26577304k free)

vm_info: Java HotSpot(TM) 64-Bit Server VM (24.79-b02) for windows-amd64 JRE (1.7.0_79-b15), built on Apr 10 2015 12:36:16 by "java_re" with unknown MS VC++:1600

time: Tue Aug 23 23:12:43 2016
elapsed time: 27 seconds

